INFO:root:['001_shelong.PNG', '002_guiguai.PNG', '003_xuanwu.PNG', '004_shiliu.PNG', '005_falao.PNG', '006_zhangyu.PNG', '007_gete.PNG', '008_longwang.PNG', '009_yanjiusuo.PNG']
INFO:root:['002_guiguai.PNG', '003_xuanwu.PNG', '004_shiliu.PNG', '005_falao.PNG', '006_zhangyu.PNG', '007_gete.PNG', '008_longwang.PNG', '009_yanjiusuo.PNG']
INFO:root:61524
INFO:root:**********screenshot/001_shelong.PNG Started**********
INFO:root:screenshot/bottom1.PNG trying
INFO:root:['001_shelong.PNG', '002_guiguai.PNG', '003_xuanwu.PNG', '004_shiliu.PNG', '005_falao.PNG', '006_zhangyu.PNG', '007_gete.PNG', '008_longwang.PNG', '009_yanjiusuo.PNG']
INFO:root:['002_guiguai.PNG', '003_xuanwu.PNG', '004_shiliu.PNG', '005_falao.PNG', '006_zhangyu.PNG', '007_gete.PNG', '008_longwang.PNG', '009_yanjiusuo.PNG']
INFO:root:61412
INFO:root:**********screenshot/001_shelong.PNG Started**********
INFO:root:screenshot/bottom1.PNG trying
INFO:root:screenshot/bottom1.PNG successful
INFO:root:screenshot/bottom2.PNG trying
INFO:root:screenshot/bottom2.PNG successful
INFO:root:screenshot/tzfb.PNG trying
INFO:root:screenshot/tzfb.PNG successful
INFO:root:screenshot/enter.PNG trying
INFO:root:screenshot/enter.PNG successful
INFO:root:screenshot/close1.PNG trying
INFO:root:screenshot/bottom3.PNG trying
INFO:root:进入001_shelong.PNG副本，第1次
INFO:root:screenshot/close0.PNG trying
INFO:root:screenshot/close0.PNG successful
INFO:root:screenshot/finished.PNG trying
INFO:root:['001_shelong.PNG', '002_guiguai.PNG', '003_xuanwu.PNG', '004_shiliu.PNG', '005_falao.PNG', '006_zhangyu.PNG', '007_gete.PNG', '008_longwang.PNG', '009_yanjiusuo.PNG']
INFO:root:['002_guiguai.PNG', '003_xuanwu.PNG', '004_shiliu.PNG', '005_falao.PNG', '006_zhangyu.PNG', '007_gete.PNG', '008_longwang.PNG', '009_yanjiusuo.PNG']
INFO:root:48994
INFO:root:screenshot/bottom3.PNG trying
INFO:root:screenshot/bottom3.PNG successful
INFO:root:**********screenshot/001_shelong.PNG Started**********
INFO:root:screenshot/bottom1.PNG trying
INFO:root:screenshot/bottom1.PNG successful
INFO:root:screenshot/bottom2.PNG trying
INFO:root:screenshot/bottom2.PNG successful
INFO:root:screenshot/tzfb.PNG trying
INFO:root:screenshot/tzfb.PNG successful
INFO:root:screenshot/tzdrag.PNG trying
INFO:root:screenshot/tzdrag.PNG successful
INFO:root:screenshot/enter.PNG trying
INFO:root:screenshot/enter.PNG successful
INFO:root:进入001_shelong.PNG副本，第1次
INFO:root:screenshot/close0.PNG trying
INFO:root:**********screenshot/001_shelong.PNG Started**********
INFO:root:screenshot/bottom1.PNG trying
INFO:root:screenshot/bottom1.PNG successful
INFO:root:screenshot/bottom2.PNG trying
INFO:root:screenshot/bottom2.PNG successful
INFO:root:screenshot/tzfb.PNG trying
INFO:root:screenshot/tzfb.PNG successful
INFO:root:screenshot/enter.PNG trying
INFO:root:screenshot/enter.PNG successful
INFO:root:['001_shelong.PNG', '002_guiguai.PNG', '003_xuanwu.PNG', '004_shiliu.PNG', '005_falao.PNG', '006_zhangyu.PNG', '007_gete.PNG', '008_longwang.PNG', '009_yanjiusuo.PNG']
INFO:root:['002_guiguai.PNG', '003_xuanwu.PNG', '004_shiliu.PNG', '005_falao.PNG', '006_zhangyu.PNG', '007_gete.PNG', '008_longwang.PNG', '009_yanjiusuo.PNG']
INFO:root:3590
INFO:root:['001_shelong.PNG', '002_guiguai.PNG', '003_xuanwu.PNG', '004_shiliu.PNG', '005_falao.PNG', '006_zhangyu.PNG', '007_gete.PNG', '008_longwang.PNG', '009_yanjiusuo.PNG']
INFO:root:['002_guiguai.PNG', '003_xuanwu.PNG', '004_shiliu.PNG', '005_falao.PNG', '006_zhangyu.PNG', '007_gete.PNG', '008_longwang.PNG', '009_yanjiusuo.PNG']
INFO:root:3392
INFO:root:['001_shelong.PNG', '002_guiguai.PNG', '003_xuanwu.PNG', '004_shiliu.PNG', '005_falao.PNG', '006_zhangyu.PNG', '007_gete.PNG', '008_longwang.PNG', '009_yanjiusuo.PNG']
INFO:root:['002_guiguai.PNG', '003_xuanwu.PNG', '004_shiliu.PNG', '005_falao.PNG', '006_zhangyu.PNG', '007_gete.PNG', '008_longwang.PNG', '009_yanjiusuo.PNG']
INFO:root:6961
INFO:root:**********screenshot/001_shelong.PNG Started**********
INFO:root:screenshot/bottom1.PNG trying
INFO:root:screenshot/bottom2.PNG trying
INFO:root:screenshot/bottom2.PNG successful
INFO:root:screenshot/tzfb.PNG trying
INFO:root:screenshot/tzfb.PNG successful
INFO:root:screenshot/enter.PNG trying
INFO:root:screenshot/enter.PNG successful
INFO:root:进入001_shelong.PNG副本，第1次
INFO:root:screenshot/close0.PNG trying
INFO:root:screenshot/close0.PNG successful
INFO:root:screenshot/finished.PNG trying
INFO:root:['001_shelong.PNG', '002_guiguai.PNG', '003_xuanwu.PNG', '004_shiliu.PNG', '005_falao.PNG', '006_zhangyu.PNG', '007_gete.PNG', '008_longwang.PNG', '009_yanjiusuo.PNG']
INFO:root:['002_guiguai.PNG', '003_xuanwu.PNG', '004_shiliu.PNG', '005_falao.PNG', '006_zhangyu.PNG', '007_gete.PNG', '008_longwang.PNG', '009_yanjiusuo.PNG']
INFO:root:10496
INFO:root:screenshot/bottom3.PNG trying
INFO:root:screenshot/bottom3.PNG successful
INFO:root:**********screenshot/002_guiguai.PNG Started**********
INFO:root:screenshot/bottom1.PNG trying
INFO:root:screenshot/bottom1.PNG successful
INFO:root:screenshot/bottom2.PNG trying
INFO:root:screenshot/close1.PNG trying
INFO:root:screenshot/bottom3.PNG trying
INFO:root:screenshot/bottom3.PNG successful
INFO:root:**********screenshot/003_xuanwu.PNG Started**********
INFO:root:screenshot/bottom1.PNG trying
INFO:root:screenshot/bottom1.PNG successful
INFO:root:screenshot/bottom2.PNG trying
INFO:root:screenshot/bottom2.PNG successful
INFO:root:screenshot/tzfb.PNG trying
INFO:root:screenshot/tzfb.PNG successful
INFO:root:screenshot/enter.PNG trying
INFO:root:screenshot/enter.PNG successful
INFO:root:进入003_xuanwu.PNG副本，第1次
INFO:root:screenshot/close0.PNG trying
INFO:root:screenshot/close0.PNG successful
INFO:root:screenshot/close2.PNG trying
INFO:root:screenshot/close2.PNG successful
INFO:root:screenshot/finished.PNG trying
INFO:root:screenshot/finished.PNG successful
INFO:root:副本已关闭
INFO:root:**********screenshot/003_xuanwu.PNG Finished**********
INFO:root:**********screenshot/003_xuanwu.PNG Started**********
INFO:root:screenshot/bottom1.PNG trying
INFO:root:screenshot/bottom1.PNG successful
INFO:root:screenshot/bottom2.PNG trying
INFO:root:screenshot/bottom2.PNG successful
INFO:root:screenshot/tzfb.PNG trying
INFO:root:screenshot/tzfb.PNG successful
INFO:root:screenshot/enter.PNG trying
INFO:root:screenshot/enter.PNG successful
INFO:root:进入003_xuanwu.PNG副本，第2次
INFO:root:screenshot/close0.PNG trying
INFO:root:screenshot/close0.PNG successful
INFO:root:screenshot/close2.PNG trying
INFO:root:screenshot/close2.PNG successful
INFO:root:screenshot/finished.PNG trying
INFO:root:screenshot/finished.PNG successful
INFO:root:副本已关闭
INFO:root:**********screenshot/003_xuanwu.PNG Finished**********
INFO:root:**********screenshot/003_xuanwu.PNG Started**********
INFO:root:screenshot/bottom1.PNG trying
INFO:root:screenshot/bottom1.PNG successful
INFO:root:screenshot/bottom2.PNG trying
INFO:root:screenshot/bottom2.PNG successful
INFO:root:screenshot/tzfb.PNG trying
INFO:root:screenshot/tzfb.PNG successful
INFO:root:screenshot/enter.PNG trying
INFO:root:screenshot/enter.PNG successful
INFO:root:进入003_xuanwu.PNG副本，第3次
INFO:root:screenshot/close0.PNG trying
INFO:root:screenshot/close0.PNG successful
INFO:root:screenshot/close2.PNG trying
INFO:root:screenshot/close2.PNG successful
INFO:root:screenshot/finished.PNG trying
INFO:root:screenshot/finished.PNG successful
INFO:root:副本已关闭
INFO:root:**********screenshot/003_xuanwu.PNG Finished**********
INFO:root:**********screenshot/004_shiliu.PNG Started**********
INFO:root:screenshot/bottom1.PNG trying
INFO:root:screenshot/bottom1.PNG successful
INFO:root:screenshot/bottom2.PNG trying
INFO:root:screenshot/bottom2.PNG successful
INFO:root:screenshot/tzfb.PNG trying
INFO:root:screenshot/tzfb.PNG successful
INFO:root:screenshot/enter.PNG trying
INFO:root:screenshot/enter.PNG successful
INFO:root:进入004_shiliu.PNG副本，第1次
INFO:root:screenshot/close0.PNG trying
INFO:root:screenshot/close0.PNG successful
INFO:root:screenshot/close2.PNG trying
INFO:root:screenshot/close2.PNG successful
INFO:root:screenshot/finished.PNG trying
INFO:root:screenshot/finished.PNG successful
INFO:root:副本已关闭
INFO:root:**********screenshot/004_shiliu.PNG Finished**********
INFO:root:**********screenshot/004_shiliu.PNG Started**********
INFO:root:screenshot/bottom1.PNG trying
INFO:root:screenshot/bottom1.PNG successful
INFO:root:screenshot/bottom2.PNG trying
INFO:root:screenshot/bottom2.PNG successful
INFO:root:screenshot/tzfb.PNG trying
INFO:root:screenshot/tzfb.PNG successful
INFO:root:screenshot/enter.PNG trying
INFO:root:screenshot/enter.PNG successful
INFO:root:进入004_shiliu.PNG副本，第2次
INFO:root:screenshot/close0.PNG trying
INFO:root:screenshot/close0.PNG successful
INFO:root:screenshot/close2.PNG trying
INFO:root:screenshot/close2.PNG successful
INFO:root:screenshot/finished.PNG trying
INFO:root:screenshot/finished.PNG successful
INFO:root:副本已关闭
INFO:root:**********screenshot/004_shiliu.PNG Finished**********
INFO:root:**********screenshot/004_shiliu.PNG Started**********
INFO:root:screenshot/bottom1.PNG trying
INFO:root:screenshot/bottom1.PNG successful
INFO:root:screenshot/bottom2.PNG trying
INFO:root:screenshot/bottom2.PNG successful
INFO:root:screenshot/tzfb.PNG trying
INFO:root:screenshot/tzfb.PNG successful
INFO:root:screenshot/enter.PNG trying
INFO:root:screenshot/enter.PNG successful
INFO:root:进入004_shiliu.PNG副本，第3次
INFO:root:screenshot/close0.PNG trying
INFO:root:screenshot/close0.PNG successful
INFO:root:screenshot/close2.PNG trying
INFO:root:screenshot/close2.PNG successful
INFO:root:screenshot/finished.PNG trying
INFO:root:screenshot/finished.PNG successful
INFO:root:副本已关闭
INFO:root:**********screenshot/004_shiliu.PNG Finished**********
INFO:root:**********screenshot/005_falao.PNG Started**********
INFO:root:screenshot/bottom1.PNG trying
INFO:root:screenshot/bottom1.PNG successful
INFO:root:screenshot/bottom2.PNG trying
INFO:root:screenshot/bottom2.PNG successful
INFO:root:screenshot/tzfb.PNG trying
INFO:root:screenshot/tzfb.PNG successful
INFO:root:screenshot/enter.PNG trying
INFO:root:screenshot/enter.PNG successful
INFO:root:进入005_falao.PNG副本，第1次
INFO:root:screenshot/close0.PNG trying
INFO:root:screenshot/close0.PNG successful
INFO:root:screenshot/close2.PNG trying
INFO:root:screenshot/close2.PNG successful
INFO:root:screenshot/finished.PNG trying
INFO:root:screenshot/finished.PNG successful
INFO:root:副本已关闭
INFO:root:**********screenshot/005_falao.PNG Finished**********
INFO:root:**********screenshot/005_falao.PNG Started**********
INFO:root:screenshot/bottom1.PNG trying
INFO:root:screenshot/bottom1.PNG successful
INFO:root:screenshot/bottom2.PNG trying
INFO:root:screenshot/bottom2.PNG successful
INFO:root:screenshot/tzfb.PNG trying
INFO:root:screenshot/tzfb.PNG successful
INFO:root:screenshot/enter.PNG trying
INFO:root:screenshot/enter.PNG successful
INFO:root:进入005_falao.PNG副本，第2次
INFO:root:screenshot/close0.PNG trying
INFO:root:screenshot/close0.PNG successful
INFO:root:screenshot/close2.PNG trying
INFO:root:screenshot/close2.PNG successful
INFO:root:screenshot/finished.PNG trying
INFO:root:screenshot/finished.PNG successful
INFO:root:副本已关闭
INFO:root:**********screenshot/005_falao.PNG Finished**********
INFO:root:**********screenshot/005_falao.PNG Started**********
INFO:root:screenshot/bottom1.PNG trying
INFO:root:screenshot/bottom1.PNG successful
INFO:root:screenshot/bottom2.PNG trying
INFO:root:screenshot/bottom2.PNG successful
INFO:root:screenshot/tzfb.PNG trying
INFO:root:screenshot/tzfb.PNG successful
INFO:root:screenshot/enter.PNG trying
INFO:root:screenshot/enter.PNG successful
INFO:root:进入005_falao.PNG副本，第3次
INFO:root:screenshot/close0.PNG trying
INFO:root:screenshot/close0.PNG successful
INFO:root:screenshot/close2.PNG trying
INFO:root:screenshot/close2.PNG successful
INFO:root:screenshot/finished.PNG trying
INFO:root:screenshot/finished.PNG successful
INFO:root:副本已关闭
INFO:root:**********screenshot/005_falao.PNG Finished**********
INFO:root:**********screenshot/006_zhangyu.PNG Started**********
INFO:root:screenshot/bottom1.PNG trying
INFO:root:screenshot/bottom1.PNG successful
INFO:root:screenshot/bottom2.PNG trying
INFO:root:screenshot/bottom2.PNG successful
INFO:root:screenshot/tzfb.PNG trying
INFO:root:screenshot/tzfb.PNG successful
INFO:root:screenshot/enter.PNG trying
INFO:root:screenshot/enter.PNG successful
INFO:root:进入006_zhangyu.PNG副本，第1次
INFO:root:screenshot/close0.PNG trying
INFO:root:screenshot/close0.PNG successful
INFO:root:screenshot/close2.PNG trying
INFO:root:screenshot/close2.PNG successful
INFO:root:screenshot/finished.PNG trying
INFO:root:screenshot/finished.PNG successful
INFO:root:副本已关闭
INFO:root:**********screenshot/006_zhangyu.PNG Finished**********
INFO:root:**********screenshot/006_zhangyu.PNG Started**********
INFO:root:screenshot/bottom1.PNG trying
INFO:root:screenshot/bottom1.PNG successful
INFO:root:screenshot/bottom2.PNG trying
INFO:root:screenshot/bottom2.PNG successful
INFO:root:screenshot/tzfb.PNG trying
INFO:root:screenshot/tzfb.PNG successful
INFO:root:screenshot/enter.PNG trying
INFO:root:screenshot/enter.PNG successful
INFO:root:进入006_zhangyu.PNG副本，第2次
INFO:root:screenshot/close0.PNG trying
INFO:root:screenshot/close0.PNG successful
INFO:root:screenshot/close2.PNG trying
INFO:root:screenshot/close2.PNG successful
INFO:root:screenshot/finished.PNG trying
INFO:root:screenshot/finished.PNG successful
INFO:root:副本已关闭
INFO:root:**********screenshot/006_zhangyu.PNG Finished**********
INFO:root:**********screenshot/006_zhangyu.PNG Started**********
INFO:root:screenshot/bottom1.PNG trying
INFO:root:screenshot/bottom1.PNG successful
INFO:root:screenshot/bottom2.PNG trying
INFO:root:screenshot/bottom2.PNG successful
INFO:root:screenshot/tzfb.PNG trying
INFO:root:screenshot/tzfb.PNG successful
INFO:root:screenshot/enter.PNG trying
INFO:root:screenshot/enter.PNG successful
INFO:root:进入006_zhangyu.PNG副本，第3次
INFO:root:screenshot/close0.PNG trying
INFO:root:screenshot/close0.PNG successful
INFO:root:screenshot/close2.PNG trying
INFO:root:screenshot/close2.PNG successful
INFO:root:screenshot/finished.PNG trying
INFO:root:screenshot/finished.PNG successful
INFO:root:副本已关闭
INFO:root:**********screenshot/006_zhangyu.PNG Finished**********
INFO:root:**********screenshot/007_gete.PNG Started**********
INFO:root:screenshot/bottom1.PNG trying
INFO:root:screenshot/bottom1.PNG successful
INFO:root:screenshot/bottom2.PNG trying
INFO:root:screenshot/bottom2.PNG successful
INFO:root:screenshot/tzfb.PNG trying
INFO:root:screenshot/tzfb.PNG successful
INFO:root:screenshot/tzdrag.PNG trying
INFO:root:screenshot/tzdrag.PNG successful
INFO:root:screenshot/tzdrag.PNG trying
INFO:root:screenshot/tzdrag.PNG successful
INFO:root:screenshot/enter.PNG trying
INFO:root:screenshot/enter.PNG successful
INFO:root:screenshot/close1.PNG trying
INFO:root:screenshot/bottom3.PNG trying
INFO:root:screenshot/bottom3.PNG successful
INFO:root:**********screenshot/008_longwang.PNG Started**********
INFO:root:screenshot/bottom1.PNG trying
INFO:root:screenshot/bottom1.PNG successful
INFO:root:screenshot/bottom2.PNG trying
INFO:root:screenshot/bottom2.PNG successful
INFO:root:screenshot/tzfb.PNG trying
INFO:root:screenshot/tzfb.PNG successful
INFO:root:screenshot/enter.PNG trying
INFO:root:screenshot/enter.PNG successful
INFO:root:screenshot/close1.PNG trying
INFO:root:screenshot/bottom3.PNG trying
INFO:root:screenshot/bottom3.PNG successful
INFO:root:**********screenshot/009_yanjiusuo.PNG Started**********
INFO:root:screenshot/bottom1.PNG trying
INFO:root:screenshot/bottom1.PNG successful
INFO:root:screenshot/bottom2.PNG trying
INFO:root:screenshot/bottom2.PNG successful
INFO:root:screenshot/tzfb.PNG trying
INFO:root:screenshot/tzfb.PNG successful
INFO:root:screenshot/enter.PNG trying
INFO:root:screenshot/enter.PNG successful
INFO:root:screenshot/close1.PNG trying
INFO:root:screenshot/bottom3.PNG trying
INFO:root:screenshot/bottom3.PNG successful
INFO:root:**********screenshot/001_shelong.PNG Started**********
INFO:root:screenshot/bottom1.PNG trying
INFO:root:screenshot/bottom1.PNG successful
INFO:root:screenshot/bottom2.PNG trying
INFO:root:screenshot/bottom2.PNG successful
INFO:root:screenshot/emfb.PNG trying
INFO:root:screenshot/emfb.PNG successful
INFO:root:screenshot/emdrag.PNG trying
INFO:root:screenshot/emdrag.PNG successful
INFO:root:screenshot/enter.PNG trying
INFO:root:screenshot/enter.PNG successful
INFO:root:进入001_shelong.PNG副本，第1次
INFO:root:screenshot/close0.PNG trying
INFO:root:screenshot/close0.PNG successful
INFO:root:screenshot/close2.PNG trying
INFO:root:screenshot/close2.PNG successful
INFO:root:screenshot/finished.PNG trying
INFO:root:screenshot/finished.PNG successful
INFO:root:副本已关闭
INFO:root:**********screenshot/001_shelong.PNG Finished**********
INFO:root:**********screenshot/002_guiguai.PNG Started**********
INFO:root:screenshot/bottom1.PNG trying
INFO:root:screenshot/bottom1.PNG successful
INFO:root:screenshot/bottom2.PNG trying
INFO:root:screenshot/bottom2.PNG successful
INFO:root:screenshot/emfb.PNG trying
INFO:root:screenshot/emfb.PNG successful
INFO:root:screenshot/enter.PNG trying
INFO:root:screenshot/enter.PNG successful
INFO:root:进入002_guiguai.PNG副本，第1次
INFO:root:screenshot/close0.PNG trying
INFO:root:screenshot/close0.PNG successful
INFO:root:screenshot/close2.PNG trying
INFO:root:screenshot/close2.PNG successful
INFO:root:screenshot/finished.PNG trying
INFO:root:screenshot/finished.PNG successful
INFO:root:副本已关闭
INFO:root:**********screenshot/002_guiguai.PNG Finished**********
INFO:root:**********screenshot/003_xuanwu.PNG Started**********
INFO:root:screenshot/bottom1.PNG trying
INFO:root:screenshot/bottom1.PNG successful
INFO:root:screenshot/bottom2.PNG trying
INFO:root:screenshot/bottom2.PNG successful
INFO:root:screenshot/emfb.PNG trying
INFO:root:screenshot/emfb.PNG successful
INFO:root:screenshot/enter.PNG trying
INFO:root:screenshot/enter.PNG successful
INFO:root:进入003_xuanwu.PNG副本，第1次
INFO:root:screenshot/close0.PNG trying
INFO:root:screenshot/close0.PNG successful
INFO:root:screenshot/close2.PNG trying
INFO:root:screenshot/close2.PNG successful
INFO:root:screenshot/finished.PNG trying
INFO:root:screenshot/finished.PNG successful
INFO:root:副本已关闭
INFO:root:**********screenshot/003_xuanwu.PNG Finished**********
INFO:root:**********screenshot/004_shiliu.PNG Started**********
INFO:root:screenshot/bottom1.PNG trying
INFO:root:screenshot/bottom1.PNG successful
INFO:root:screenshot/bottom2.PNG trying
INFO:root:screenshot/bottom2.PNG successful
INFO:root:screenshot/emfb.PNG trying
INFO:root:screenshot/emfb.PNG successful
INFO:root:screenshot/enter.PNG trying
INFO:root:screenshot/enter.PNG successful
INFO:root:进入004_shiliu.PNG副本，第1次
INFO:root:screenshot/close0.PNG trying
INFO:root:screenshot/close0.PNG successful
INFO:root:screenshot/close2.PNG trying
INFO:root:screenshot/close2.PNG successful
INFO:root:screenshot/finished.PNG trying
INFO:root:screenshot/finished.PNG successful
INFO:root:副本已关闭
INFO:root:**********screenshot/004_shiliu.PNG Finished**********
INFO:root:**********screenshot/005_falao.PNG Started**********
INFO:root:screenshot/bottom1.PNG trying
INFO:root:screenshot/bottom1.PNG successful
INFO:root:screenshot/bottom2.PNG trying
INFO:root:screenshot/bottom2.PNG successful
INFO:root:screenshot/emfb.PNG trying
INFO:root:screenshot/emfb.PNG successful
INFO:root:screenshot/enter.PNG trying
INFO:root:screenshot/enter.PNG successful
INFO:root:进入005_falao.PNG副本，第1次
INFO:root:screenshot/close0.PNG trying
INFO:root:screenshot/close0.PNG successful
INFO:root:screenshot/close2.PNG trying
INFO:root:screenshot/close2.PNG successful
INFO:root:screenshot/finished.PNG trying
INFO:root:screenshot/finished.PNG successful
INFO:root:副本已关闭
INFO:root:**********screenshot/005_falao.PNG Finished**********
INFO:root:**********screenshot/006_zhangyu.PNG Started**********
INFO:root:screenshot/bottom1.PNG trying
INFO:root:screenshot/bottom1.PNG successful
INFO:root:screenshot/bottom2.PNG trying
INFO:root:screenshot/bottom2.PNG successful
INFO:root:screenshot/emfb.PNG trying
INFO:root:screenshot/emfb.PNG successful
INFO:root:screenshot/enter.PNG trying
INFO:root:screenshot/enter.PNG successful
INFO:root:进入006_zhangyu.PNG副本，第1次
INFO:root:screenshot/close0.PNG trying
INFO:root:screenshot/close0.PNG successful
INFO:root:screenshot/close2.PNG trying
INFO:root:screenshot/close2.PNG successful
INFO:root:screenshot/finished.PNG trying
INFO:root:screenshot/finished.PNG successful
INFO:root:副本已关闭
INFO:root:**********screenshot/006_zhangyu.PNG Finished**********
INFO:root:**********screenshot/007_gete.PNG Started**********
INFO:root:screenshot/bottom1.PNG trying
INFO:root:screenshot/bottom1.PNG successful
INFO:root:screenshot/bottom2.PNG trying
INFO:root:screenshot/bottom2.PNG successful
INFO:root:screenshot/emfb.PNG trying
INFO:root:screenshot/emfb.PNG successful
INFO:root:screenshot/emdrag.PNG trying
INFO:root:screenshot/emdrag.PNG successful
INFO:root:screenshot/emdrag.PNG trying
INFO:root:screenshot/emdrag.PNG successful
INFO:root:screenshot/enter.PNG trying
INFO:root:screenshot/enter.PNG successful
INFO:root:screenshot/close1.PNG trying
INFO:root:screenshot/bottom3.PNG trying
INFO:root:screenshot/bottom3.PNG successful
INFO:root:**********screenshot/008_longwang.PNG Started**********
INFO:root:screenshot/bottom1.PNG trying
INFO:root:screenshot/bottom1.PNG successful
INFO:root:screenshot/bottom2.PNG trying
INFO:root:screenshot/bottom2.PNG successful
INFO:root:screenshot/emfb.PNG trying
INFO:root:screenshot/emfb.PNG successful
INFO:root:screenshot/enter.PNG trying
INFO:root:screenshot/enter.PNG successful
INFO:root:screenshot/close1.PNG trying
INFO:root:screenshot/bottom3.PNG trying
INFO:root:screenshot/bottom3.PNG successful
INFO:root:**********screenshot/009_yanjiusuo.PNG Started**********
INFO:root:screenshot/bottom1.PNG trying
INFO:root:screenshot/bottom1.PNG successful
INFO:root:screenshot/bottom2.PNG trying
INFO:root:screenshot/bottom2.PNG successful
INFO:root:screenshot/emfb.PNG trying
INFO:root:screenshot/emfb.PNG successful
INFO:root:screenshot/enter.PNG trying
INFO:root:screenshot/enter.PNG successful
INFO:root:screenshot/close1.PNG trying
INFO:root:screenshot/bottom3.PNG trying
INFO:root:screenshot/bottom3.PNG successful
INFO:root:**********screenshot/002_guiguai.PNG Started**********
INFO:root:screenshot/bottom1.PNG trying
INFO:root:screenshot/bottom1.PNG successful
INFO:root:screenshot/bottom2.PNG trying
INFO:root:screenshot/bottom2.PNG successful
INFO:root:screenshot/ptfb.PNG trying
INFO:root:screenshot/ptfb.PNG successful
INFO:root:screenshot/ptdrag.PNG trying
INFO:root:screenshot/ptdrag.PNG successful
INFO:root:screenshot/enter.PNG trying
INFO:root:screenshot/enter.PNG successful
INFO:root:进入002_guiguai.PNG副本，第1次
INFO:root:screenshot/close0.PNG trying
INFO:root:screenshot/close0.PNG successful
INFO:root:screenshot/finished.PNG trying
INFO:root:副本已关闭
INFO:root:**********screenshot/002_guiguai.PNG Finished**********
INFO:root:**********screenshot/002_guiguai.PNG Started**********
INFO:root:screenshot/bottom1.PNG trying
INFO:root:screenshot/bottom2.PNG trying
INFO:root:screenshot/close1.PNG trying
INFO:root:screenshot/bottom3.PNG trying
INFO:root:screenshot/bottom3.PNG successful
INFO:root:**********screenshot/003_xuanwu.PNG Started**********
INFO:root:screenshot/bottom1.PNG trying
INFO:root:screenshot/bottom1.PNG successful
INFO:root:screenshot/bottom2.PNG trying
INFO:root:screenshot/bottom2.PNG successful
INFO:root:screenshot/ptfb.PNG trying
INFO:root:screenshot/ptfb.PNG successful
INFO:root:screenshot/enter.PNG trying
INFO:root:screenshot/enter.PNG successful
INFO:root:进入003_xuanwu.PNG副本，第1次
INFO:root:screenshot/close0.PNG trying
INFO:root:screenshot/close0.PNG successful
INFO:root:screenshot/finished.PNG trying
INFO:root:副本已关闭
INFO:root:**********screenshot/003_xuanwu.PNG Finished**********
INFO:root:**********screenshot/003_xuanwu.PNG Started**********
INFO:root:screenshot/bottom1.PNG trying
INFO:root:screenshot/bottom2.PNG trying
INFO:root:screenshot/bottom2.PNG successful
INFO:root:screenshot/ptfb.PNG trying
INFO:root:screenshot/ptfb.PNG successful
INFO:root:screenshot/enter.PNG trying
INFO:root:screenshot/enter.PNG successful
INFO:root:进入003_xuanwu.PNG副本，第2次
INFO:root:screenshot/close0.PNG trying
INFO:root:screenshot/close0.PNG successful
INFO:root:screenshot/close2.PNG trying
INFO:root:screenshot/close2.PNG successful
INFO:root:screenshot/finished.PNG trying
INFO:root:screenshot/finished.PNG successful
INFO:root:副本已关闭
INFO:root:**********screenshot/003_xuanwu.PNG Finished**********
INFO:root:**********screenshot/003_xuanwu.PNG Started**********
INFO:root:screenshot/bottom1.PNG trying
INFO:root:screenshot/bottom1.PNG successful
INFO:root:screenshot/bottom2.PNG trying
INFO:root:screenshot/bottom2.PNG successful
INFO:root:screenshot/ptfb.PNG trying
INFO:root:screenshot/ptfb.PNG successful
INFO:root:screenshot/enter.PNG trying
INFO:root:screenshot/enter.PNG successful
INFO:root:进入003_xuanwu.PNG副本，第3次
INFO:root:screenshot/close0.PNG trying
INFO:root:screenshot/close0.PNG successful
INFO:root:screenshot/close2.PNG trying
INFO:root:screenshot/close2.PNG successful
INFO:root:screenshot/finished.PNG trying
INFO:root:screenshot/finished.PNG successful
INFO:root:副本已关闭
INFO:root:**********screenshot/003_xuanwu.PNG Finished**********
INFO:root:**********screenshot/004_shiliu.PNG Started**********
INFO:root:screenshot/bottom1.PNG trying
INFO:root:screenshot/bottom1.PNG successful
INFO:root:screenshot/bottom2.PNG trying
INFO:root:screenshot/bottom2.PNG successful
INFO:root:screenshot/ptfb.PNG trying
INFO:root:screenshot/ptfb.PNG successful
INFO:root:screenshot/enter.PNG trying
INFO:root:screenshot/enter.PNG successful
INFO:root:进入004_shiliu.PNG副本，第1次
INFO:root:screenshot/close0.PNG trying
INFO:root:screenshot/close0.PNG successful
INFO:root:screenshot/close2.PNG trying
INFO:root:screenshot/close2.PNG successful
INFO:root:screenshot/finished.PNG trying
INFO:root:screenshot/finished.PNG successful
INFO:root:副本已关闭
INFO:root:**********screenshot/004_shiliu.PNG Finished**********
INFO:root:**********screenshot/004_shiliu.PNG Started**********
INFO:root:screenshot/bottom1.PNG trying
INFO:root:screenshot/bottom1.PNG successful
INFO:root:screenshot/bottom2.PNG trying
INFO:root:screenshot/bottom2.PNG successful
INFO:root:screenshot/ptfb.PNG trying
INFO:root:screenshot/ptfb.PNG successful
INFO:root:screenshot/enter.PNG trying
INFO:root:screenshot/enter.PNG successful
INFO:root:进入004_shiliu.PNG副本，第2次
INFO:root:screenshot/close0.PNG trying
INFO:root:screenshot/close0.PNG successful
INFO:root:screenshot/close2.PNG trying
INFO:root:screenshot/close2.PNG successful
INFO:root:screenshot/finished.PNG trying
INFO:root:screenshot/finished.PNG successful
INFO:root:副本已关闭
INFO:root:**********screenshot/004_shiliu.PNG Finished**********
INFO:root:**********screenshot/004_shiliu.PNG Started**********
INFO:root:screenshot/bottom1.PNG trying
INFO:root:screenshot/bottom1.PNG successful
INFO:root:screenshot/bottom2.PNG trying
INFO:root:screenshot/bottom2.PNG successful
INFO:root:screenshot/ptfb.PNG trying
INFO:root:screenshot/ptfb.PNG successful
INFO:root:screenshot/enter.PNG trying
INFO:root:screenshot/enter.PNG successful
INFO:root:进入004_shiliu.PNG副本，第3次
INFO:root:screenshot/close0.PNG trying
INFO:root:screenshot/close0.PNG successful
INFO:root:screenshot/close2.PNG trying
INFO:root:screenshot/close2.PNG successful
INFO:root:screenshot/finished.PNG trying
INFO:root:screenshot/finished.PNG successful
INFO:root:副本已关闭
INFO:root:**********screenshot/004_shiliu.PNG Finished**********
INFO:root:**********screenshot/005_falao.PNG Started**********
INFO:root:screenshot/bottom1.PNG trying
INFO:root:screenshot/bottom1.PNG successful
INFO:root:screenshot/bottom2.PNG trying
INFO:root:screenshot/bottom2.PNG successful
INFO:root:screenshot/ptfb.PNG trying
INFO:root:screenshot/ptfb.PNG successful
INFO:root:screenshot/enter.PNG trying
INFO:root:screenshot/enter.PNG successful
INFO:root:进入005_falao.PNG副本，第1次
INFO:root:screenshot/close0.PNG trying
INFO:root:screenshot/close0.PNG successful
INFO:root:screenshot/close2.PNG trying
INFO:root:screenshot/close2.PNG successful
INFO:root:screenshot/finished.PNG trying
INFO:root:screenshot/finished.PNG successful
INFO:root:副本已关闭
INFO:root:**********screenshot/005_falao.PNG Finished**********
INFO:root:**********screenshot/005_falao.PNG Started**********
INFO:root:screenshot/bottom1.PNG trying
INFO:root:screenshot/bottom1.PNG successful
INFO:root:screenshot/bottom2.PNG trying
INFO:root:screenshot/bottom2.PNG successful
INFO:root:screenshot/ptfb.PNG trying
INFO:root:screenshot/ptfb.PNG successful
INFO:root:screenshot/enter.PNG trying
INFO:root:screenshot/enter.PNG successful
INFO:root:进入005_falao.PNG副本，第2次
INFO:root:screenshot/close0.PNG trying
INFO:root:screenshot/close0.PNG successful
INFO:root:screenshot/close2.PNG trying
INFO:root:screenshot/close2.PNG successful
INFO:root:screenshot/finished.PNG trying
INFO:root:screenshot/finished.PNG successful
INFO:root:副本已关闭
INFO:root:**********screenshot/005_falao.PNG Finished**********
INFO:root:**********screenshot/005_falao.PNG Started**********
INFO:root:screenshot/bottom1.PNG trying
INFO:root:screenshot/bottom1.PNG successful
INFO:root:screenshot/bottom2.PNG trying
INFO:root:screenshot/bottom2.PNG successful
INFO:root:screenshot/ptfb.PNG trying
INFO:root:screenshot/ptfb.PNG successful
INFO:root:screenshot/enter.PNG trying
INFO:root:screenshot/enter.PNG successful
INFO:root:进入005_falao.PNG副本，第3次
INFO:root:screenshot/close0.PNG trying
INFO:root:screenshot/close0.PNG successful
INFO:root:screenshot/close2.PNG trying
INFO:root:screenshot/close2.PNG successful
INFO:root:screenshot/finished.PNG trying
INFO:root:screenshot/finished.PNG successful
INFO:root:副本已关闭
INFO:root:**********screenshot/005_falao.PNG Finished**********
INFO:root:**********screenshot/006_zhangyu.PNG Started**********
INFO:root:screenshot/bottom1.PNG trying
INFO:root:screenshot/bottom1.PNG successful
INFO:root:screenshot/bottom2.PNG trying
INFO:root:screenshot/bottom2.PNG successful
INFO:root:screenshot/ptfb.PNG trying
INFO:root:screenshot/ptfb.PNG successful
INFO:root:screenshot/enter.PNG trying
INFO:root:screenshot/enter.PNG successful
INFO:root:进入006_zhangyu.PNG副本，第1次
INFO:root:screenshot/close0.PNG trying
INFO:root:screenshot/close0.PNG successful
INFO:root:screenshot/close2.PNG trying
INFO:root:screenshot/close2.PNG successful
INFO:root:screenshot/finished.PNG trying
INFO:root:screenshot/finished.PNG successful
INFO:root:副本已关闭
INFO:root:**********screenshot/006_zhangyu.PNG Finished**********
INFO:root:**********screenshot/006_zhangyu.PNG Started**********
INFO:root:screenshot/bottom1.PNG trying
INFO:root:screenshot/bottom1.PNG successful
INFO:root:screenshot/bottom2.PNG trying
INFO:root:screenshot/bottom2.PNG successful
INFO:root:screenshot/ptfb.PNG trying
INFO:root:screenshot/ptfb.PNG successful
INFO:root:screenshot/enter.PNG trying
INFO:root:screenshot/enter.PNG successful
INFO:root:进入006_zhangyu.PNG副本，第2次
INFO:root:screenshot/close0.PNG trying
INFO:root:screenshot/close0.PNG successful
INFO:root:screenshot/close2.PNG trying
INFO:root:screenshot/close2.PNG successful
INFO:root:screenshot/finished.PNG trying
INFO:root:screenshot/finished.PNG successful
INFO:root:副本已关闭
INFO:root:**********screenshot/006_zhangyu.PNG Finished**********
INFO:root:**********screenshot/006_zhangyu.PNG Started**********
INFO:root:screenshot/bottom1.PNG trying
INFO:root:screenshot/bottom1.PNG successful
INFO:root:screenshot/bottom2.PNG trying
INFO:root:screenshot/bottom2.PNG successful
INFO:root:screenshot/ptfb.PNG trying
INFO:root:screenshot/ptfb.PNG successful
INFO:root:screenshot/enter.PNG trying
INFO:root:screenshot/enter.PNG successful
INFO:root:进入006_zhangyu.PNG副本，第3次
INFO:root:screenshot/close0.PNG trying
INFO:root:screenshot/close0.PNG successful
INFO:root:screenshot/close2.PNG trying
INFO:root:screenshot/close2.PNG successful
INFO:root:screenshot/finished.PNG trying
INFO:root:screenshot/finished.PNG successful
INFO:root:副本已关闭
INFO:root:**********screenshot/006_zhangyu.PNG Finished**********
INFO:root:**********screenshot/007_gete.PNG Started**********
INFO:root:screenshot/bottom1.PNG trying
INFO:root:screenshot/bottom1.PNG successful
INFO:root:screenshot/bottom2.PNG trying
INFO:root:screenshot/bottom2.PNG successful
INFO:root:screenshot/ptfb.PNG trying
INFO:root:screenshot/ptfb.PNG successful
INFO:root:screenshot/ptdrag.PNG trying
INFO:root:screenshot/ptdrag.PNG successful
INFO:root:screenshot/ptdrag.PNG trying
INFO:root:screenshot/ptdrag.PNG successful
INFO:root:screenshot/enter.PNG trying
INFO:root:screenshot/enter.PNG successful
INFO:root:进入007_gete.PNG副本，第1次
INFO:root:screenshot/close0.PNG trying
INFO:root:screenshot/close0.PNG successful
INFO:root:screenshot/close2.PNG trying
INFO:root:screenshot/close2.PNG successful
INFO:root:screenshot/finished.PNG trying
INFO:root:screenshot/finished.PNG successful
INFO:root:副本已关闭
INFO:root:**********screenshot/007_gete.PNG Finished**********
INFO:root:**********screenshot/007_gete.PNG Started**********
INFO:root:screenshot/bottom1.PNG trying
INFO:root:screenshot/bottom1.PNG successful
INFO:root:screenshot/bottom2.PNG trying
INFO:root:screenshot/bottom2.PNG successful
INFO:root:screenshot/ptfb.PNG trying
INFO:root:screenshot/ptfb.PNG successful
INFO:root:screenshot/enter.PNG trying
INFO:root:screenshot/enter.PNG successful
INFO:root:进入007_gete.PNG副本，第2次
INFO:root:screenshot/close0.PNG trying
INFO:root:screenshot/close0.PNG successful
INFO:root:screenshot/close2.PNG trying
INFO:root:screenshot/close2.PNG successful
INFO:root:screenshot/finished.PNG trying
INFO:root:screenshot/finished.PNG successful
INFO:root:副本已关闭
INFO:root:**********screenshot/007_gete.PNG Finished**********
INFO:root:**********screenshot/007_gete.PNG Started**********
INFO:root:screenshot/bottom1.PNG trying
INFO:root:screenshot/bottom1.PNG successful
INFO:root:screenshot/bottom2.PNG trying
INFO:root:screenshot/bottom2.PNG successful
INFO:root:screenshot/ptfb.PNG trying
INFO:root:screenshot/ptfb.PNG successful
INFO:root:screenshot/enter.PNG trying
INFO:root:screenshot/enter.PNG successful
INFO:root:进入007_gete.PNG副本，第3次
INFO:root:screenshot/close0.PNG trying
INFO:root:screenshot/close0.PNG successful
INFO:root:screenshot/close2.PNG trying
INFO:root:screenshot/close2.PNG successful
INFO:root:screenshot/finished.PNG trying
INFO:root:screenshot/finished.PNG successful
INFO:root:副本已关闭
INFO:root:**********screenshot/007_gete.PNG Finished**********
INFO:root:**********screenshot/008_longwang.PNG Started**********
INFO:root:screenshot/bottom1.PNG trying
INFO:root:screenshot/bottom1.PNG successful
INFO:root:screenshot/bottom2.PNG trying
INFO:root:screenshot/bottom2.PNG successful
INFO:root:screenshot/ptfb.PNG trying
INFO:root:screenshot/ptfb.PNG successful
INFO:root:screenshot/enter.PNG trying
INFO:root:screenshot/enter.PNG successful
INFO:root:进入008_longwang.PNG副本，第1次
INFO:root:screenshot/close0.PNG trying
INFO:root:screenshot/close0.PNG successful
INFO:root:screenshot/close2.PNG trying
INFO:root:screenshot/close2.PNG successful
INFO:root:screenshot/finished.PNG trying
INFO:root:screenshot/finished.PNG successful
INFO:root:副本已关闭
INFO:root:**********screenshot/008_longwang.PNG Finished**********
INFO:root:**********screenshot/008_longwang.PNG Started**********
INFO:root:screenshot/bottom1.PNG trying
INFO:root:screenshot/bottom1.PNG successful
INFO:root:screenshot/bottom2.PNG trying
INFO:root:screenshot/bottom2.PNG successful
INFO:root:screenshot/ptfb.PNG trying
INFO:root:screenshot/ptfb.PNG successful
INFO:root:screenshot/enter.PNG trying
INFO:root:screenshot/enter.PNG successful
INFO:root:screenshot/close1.PNG trying
INFO:root:screenshot/bottom3.PNG trying
INFO:root:screenshot/bottom3.PNG successful
INFO:root:**********screenshot/009_yanjiusuo.PNG Started**********
INFO:root:screenshot/bottom1.PNG trying
INFO:root:screenshot/bottom1.PNG successful
INFO:root:screenshot/bottom2.PNG trying
INFO:root:screenshot/bottom2.PNG successful
INFO:root:screenshot/ptfb.PNG trying
INFO:root:screenshot/ptfb.PNG successful
INFO:root:screenshot/enter.PNG trying
INFO:root:screenshot/enter.PNG successful
INFO:root:screenshot/close1.PNG trying
INFO:root:screenshot/bottom3.PNG trying
INFO:root:screenshot/bottom3.PNG successful
INFO:root:['001_shelong.PNG', '002_guiguai.PNG', '003_xuanwu.PNG', '004_shiliu.PNG', '005_falao.PNG', '006_zhangyu.PNG', '007_gete.PNG', '008_longwang.PNG', '009_yanjiusuo.PNG']
INFO:root:['002_guiguai.PNG', '003_xuanwu.PNG', '004_shiliu.PNG', '005_falao.PNG', '006_zhangyu.PNG', '007_gete.PNG', '008_longwang.PNG', '009_yanjiusuo.PNG']
INFO:root:15537
INFO:root:['001_shelong.PNG', '002_guiguai.PNG', '003_xuanwu.PNG', '004_shiliu.PNG', '005_falao.PNG', '006_zhangyu.PNG', '007_gete.PNG', '008_longwang.PNG', '009_yanjiusuo.PNG']
INFO:root:['002_guiguai.PNG', '003_xuanwu.PNG', '004_shiliu.PNG', '005_falao.PNG', '006_zhangyu.PNG', '007_gete.PNG', '008_longwang.PNG', '009_yanjiusuo.PNG']
INFO:root:15497
INFO:root:**********screenshot/001_shelong.PNG Started**********
INFO:root:screenshot/bottom1.PNG trying
INFO:root:screenshot/bottom2.PNG trying
INFO:root:['001_shelong.PNG', '002_guiguai.PNG', '003_xuanwu.PNG', '004_shiliu.PNG', '005_falao.PNG', '006_zhangyu.PNG', '007_gete.PNG', '008_longwang.PNG', '009_yanjiusuo.PNG']
INFO:root:['002_guiguai.PNG', '003_xuanwu.PNG', '004_shiliu.PNG', '005_falao.PNG', '006_zhangyu.PNG', '007_gete.PNG', '008_longwang.PNG', '009_yanjiusuo.PNG']
INFO:root:61082
INFO:root:**********screenshot/001_shelong.PNG Started**********
INFO:root:screenshot/bottom1.PNG trying
INFO:root:screenshot/bottom1.PNG successful
INFO:root:screenshot/bottom2.PNG trying
INFO:root:['001_shelong.PNG', '002_guiguai.PNG', '003_xuanwu.PNG', '004_shiliu.PNG', '005_falao.PNG', '006_zhangyu.PNG', '007_gete.PNG', '008_longwang.PNG', '009_yanjiusuo.PNG']
INFO:root:['002_guiguai.PNG', '003_xuanwu.PNG', '004_shiliu.PNG', '005_falao.PNG', '006_zhangyu.PNG', '007_gete.PNG', '008_longwang.PNG', '009_yanjiusuo.PNG']
INFO:root:61054
INFO:root:screenshot/bottom3.PNG trying
INFO:root:screenshot/bottom3.PNG successful
INFO:root:**********screenshot/001_shelong.PNG Started**********
INFO:root:screenshot/bottom1.PNG trying
INFO:root:screenshot/bottom1.PNG successful
INFO:root:screenshot/bottom2.PNG trying
INFO:root:screenshot/bottom2.PNG successful
INFO:root:screenshot/tzfb.PNG trying
INFO:root:screenshot/tzfb.PNG successful
INFO:root:screenshot/enter.PNG trying
INFO:root:screenshot/enter.PNG successful
INFO:root:进入001_shelong.PNG副本，第1次
INFO:root:screenshot/close0.PNG trying
INFO:root:screenshot/close0.PNG successful
INFO:root:screenshot/close2.PNG trying
INFO:root:screenshot/close2.PNG successful
INFO:root:screenshot/finished.PNG trying
INFO:root:screenshot/finished.PNG successful
INFO:root:副本已关闭
INFO:root:**********screenshot/001_shelong.PNG Finished**********
INFO:root:**********screenshot/001_shelong.PNG Started**********
INFO:root:screenshot/bottom1.PNG trying
INFO:root:screenshot/bottom1.PNG successful
INFO:root:screenshot/bottom2.PNG trying
INFO:root:screenshot/bottom2.PNG successful
INFO:root:screenshot/tzfb.PNG trying
INFO:root:screenshot/tzfb.PNG successful
INFO:root:screenshot/enter.PNG trying
INFO:root:screenshot/enter.PNG successful
INFO:root:进入001_shelong.PNG副本，第2次
INFO:root:screenshot/close0.PNG trying
INFO:root:screenshot/close0.PNG successful
INFO:root:screenshot/close2.PNG trying
INFO:root:screenshot/close2.PNG successful
INFO:root:screenshot/finished.PNG trying
INFO:root:screenshot/finished.PNG successful
INFO:root:副本已关闭
INFO:root:**********screenshot/001_shelong.PNG Finished**********
INFO:root:**********screenshot/001_shelong.PNG Started**********
INFO:root:screenshot/bottom1.PNG trying
INFO:root:screenshot/bottom1.PNG successful
INFO:root:screenshot/bottom2.PNG trying
INFO:root:screenshot/bottom2.PNG successful
INFO:root:screenshot/tzfb.PNG trying
INFO:root:screenshot/tzfb.PNG successful
INFO:root:screenshot/enter.PNG trying
INFO:root:screenshot/enter.PNG successful
INFO:root:进入001_shelong.PNG副本，第3次
INFO:root:screenshot/close0.PNG trying
INFO:root:screenshot/close0.PNG successful
INFO:root:screenshot/close2.PNG trying
INFO:root:screenshot/close2.PNG successful
INFO:root:screenshot/finished.PNG trying
INFO:root:screenshot/finished.PNG successful
INFO:root:副本已关闭
INFO:root:**********screenshot/001_shelong.PNG Finished**********
INFO:root:**********screenshot/002_guiguai.PNG Started**********
INFO:root:screenshot/bottom1.PNG trying
INFO:root:screenshot/bottom1.PNG successful
INFO:root:screenshot/bottom2.PNG trying
INFO:root:screenshot/bottom2.PNG successful
INFO:root:screenshot/tzfb.PNG trying
INFO:root:screenshot/tzfb.PNG successful
INFO:root:screenshot/enter.PNG trying
INFO:root:screenshot/enter.PNG successful
INFO:root:进入002_guiguai.PNG副本，第1次
INFO:root:screenshot/close0.PNG trying
INFO:root:screenshot/close0.PNG successful
INFO:root:screenshot/close2.PNG trying
INFO:root:screenshot/close2.PNG successful
INFO:root:screenshot/finished.PNG trying
INFO:root:screenshot/finished.PNG successful
INFO:root:副本已关闭
INFO:root:**********screenshot/002_guiguai.PNG Finished**********
INFO:root:**********screenshot/002_guiguai.PNG Started**********
INFO:root:screenshot/bottom1.PNG trying
INFO:root:screenshot/bottom1.PNG successful
INFO:root:screenshot/bottom2.PNG trying
INFO:root:screenshot/bottom2.PNG successful
INFO:root:screenshot/tzfb.PNG trying
INFO:root:screenshot/tzfb.PNG successful
INFO:root:screenshot/enter.PNG trying
INFO:root:screenshot/enter.PNG successful
INFO:root:进入002_guiguai.PNG副本，第2次
INFO:root:screenshot/close0.PNG trying
INFO:root:screenshot/close0.PNG successful
INFO:root:screenshot/close2.PNG trying
INFO:root:screenshot/close2.PNG successful
INFO:root:screenshot/finished.PNG trying
INFO:root:screenshot/finished.PNG successful
INFO:root:副本已关闭
INFO:root:**********screenshot/002_guiguai.PNG Finished**********
INFO:root:**********screenshot/002_guiguai.PNG Started**********
INFO:root:screenshot/bottom1.PNG trying
INFO:root:screenshot/bottom1.PNG successful
INFO:root:screenshot/bottom2.PNG trying
INFO:root:screenshot/bottom2.PNG successful
INFO:root:screenshot/tzfb.PNG trying
INFO:root:screenshot/tzfb.PNG successful
INFO:root:screenshot/enter.PNG trying
INFO:root:screenshot/enter.PNG successful
INFO:root:进入002_guiguai.PNG副本，第3次
INFO:root:screenshot/close0.PNG trying
INFO:root:screenshot/close0.PNG successful
INFO:root:screenshot/close2.PNG trying
INFO:root:screenshot/close2.PNG successful
INFO:root:screenshot/finished.PNG trying
INFO:root:screenshot/finished.PNG successful
INFO:root:副本已关闭
INFO:root:**********screenshot/002_guiguai.PNG Finished**********
INFO:root:**********screenshot/003_xuanwu.PNG Started**********
INFO:root:screenshot/bottom1.PNG trying
INFO:root:screenshot/bottom1.PNG successful
INFO:root:screenshot/bottom2.PNG trying
INFO:root:screenshot/bottom2.PNG successful
INFO:root:screenshot/tzfb.PNG trying
INFO:root:screenshot/tzfb.PNG successful
INFO:root:screenshot/enter.PNG trying
INFO:root:screenshot/enter.PNG successful
INFO:root:进入003_xuanwu.PNG副本，第1次
INFO:root:screenshot/close0.PNG trying
INFO:root:screenshot/close0.PNG successful
INFO:root:screenshot/close2.PNG trying
INFO:root:screenshot/close2.PNG successful
INFO:root:screenshot/finished.PNG trying
INFO:root:screenshot/finished.PNG successful
INFO:root:副本已关闭
INFO:root:**********screenshot/003_xuanwu.PNG Finished**********
INFO:root:**********screenshot/003_xuanwu.PNG Started**********
INFO:root:screenshot/bottom1.PNG trying
INFO:root:screenshot/bottom1.PNG successful
INFO:root:screenshot/bottom2.PNG trying
INFO:root:screenshot/bottom2.PNG successful
INFO:root:screenshot/tzfb.PNG trying
INFO:root:screenshot/tzfb.PNG successful
INFO:root:screenshot/enter.PNG trying
INFO:root:screenshot/enter.PNG successful
INFO:root:进入003_xuanwu.PNG副本，第2次
INFO:root:screenshot/close0.PNG trying
INFO:root:screenshot/finished.PNG trying
INFO:root:副本已关闭
INFO:root:**********screenshot/003_xuanwu.PNG Finished**********
INFO:root:**********screenshot/003_xuanwu.PNG Started**********
INFO:root:screenshot/bottom1.PNG trying
INFO:root:screenshot/bottom2.PNG trying
INFO:root:**********screenshot/001_shelong.PNG Started**********
INFO:root:screenshot/bottom1.PNG trying
INFO:root:screenshot/bottom1.PNG successful
INFO:root:screenshot/bottom2.PNG trying
INFO:root:['001_shelong.PNG', '002_guiguai.PNG', '003_xuanwu.PNG', '004_shiliu.PNG', '005_falao.PNG', '006_zhangyu.PNG', '007_gete.PNG', '008_longwang.PNG', '009_yanjiusuo.PNG']
INFO:root:['002_guiguai.PNG', '003_xuanwu.PNG', '004_shiliu.PNG', '005_falao.PNG', '006_zhangyu.PNG', '007_gete.PNG', '008_longwang.PNG', '009_yanjiusuo.PNG']
INFO:root:53104
INFO:root:**********screenshot/001_shelong.PNG Started**********
INFO:root:screenshot/bottom1.PNG trying
INFO:root:screenshot/bottom1.PNG successful
INFO:root:screenshot/bottom2.PNG trying
INFO:root:['001_shelong.PNG', '002_guiguai.PNG', '003_xuanwu.PNG', '004_shiliu.PNG', '005_falao.PNG', '006_zhangyu.PNG', '007_gete.PNG', '008_longwang.PNG', '009_yanjiusuo.PNG']
INFO:root:['002_guiguai.PNG', '003_xuanwu.PNG', '004_shiliu.PNG', '005_falao.PNG', '006_zhangyu.PNG', '007_gete.PNG', '008_longwang.PNG', '009_yanjiusuo.PNG']
INFO:root:53082
INFO:root:screenshot/bottom3.PNG trying
INFO:root:screenshot/bottom3.PNG successful
INFO:root:**********screenshot/001_shelong.PNG Started**********
INFO:root:screenshot/bottom1.PNG trying
INFO:root:screenshot/bottom1.PNG successful
INFO:root:screenshot/bottom2.PNG trying
INFO:root:screenshot/bottom2.PNG successful
INFO:root:screenshot/ptfb.PNG trying
INFO:root:screenshot/ptfb.PNG successful
INFO:root:screenshot/enter.PNG trying
INFO:root:screenshot/enter.PNG successful
INFO:root:进入001_shelong.PNG副本，第1次
INFO:root:screenshot/close0.PNG trying
INFO:root:screenshot/close0.PNG successful
INFO:root:screenshot/close2.PNG trying
INFO:root:screenshot/close2.PNG successful
INFO:root:screenshot/finished.PNG trying
INFO:root:screenshot/finished.PNG successful
INFO:root:副本已关闭
INFO:root:**********screenshot/001_shelong.PNG Finished**********
INFO:root:**********screenshot/001_shelong.PNG Started**********
INFO:root:screenshot/bottom1.PNG trying
INFO:root:screenshot/bottom1.PNG successful
INFO:root:screenshot/bottom2.PNG trying
INFO:root:screenshot/bottom2.PNG successful
INFO:root:screenshot/ptfb.PNG trying
INFO:root:screenshot/ptfb.PNG successful
INFO:root:screenshot/enter.PNG trying
INFO:root:screenshot/enter.PNG successful
INFO:root:进入001_shelong.PNG副本，第2次
INFO:root:screenshot/close0.PNG trying
INFO:root:screenshot/close0.PNG successful
INFO:root:screenshot/close2.PNG trying
INFO:root:screenshot/close2.PNG successful
INFO:root:screenshot/finished.PNG trying
INFO:root:screenshot/finished.PNG successful
INFO:root:副本已关闭
INFO:root:**********screenshot/001_shelong.PNG Finished**********
INFO:root:**********screenshot/001_shelong.PNG Started**********
INFO:root:screenshot/bottom1.PNG trying
INFO:root:screenshot/bottom1.PNG successful
INFO:root:screenshot/bottom2.PNG trying
INFO:root:screenshot/bottom2.PNG successful
INFO:root:screenshot/ptfb.PNG trying
INFO:root:screenshot/ptfb.PNG successful
INFO:root:screenshot/enter.PNG trying
INFO:root:screenshot/enter.PNG successful
INFO:root:进入001_shelong.PNG副本，第3次
INFO:root:screenshot/close0.PNG trying
INFO:root:screenshot/close0.PNG successful
INFO:root:screenshot/close2.PNG trying
INFO:root:screenshot/close2.PNG successful
INFO:root:screenshot/finished.PNG trying
INFO:root:screenshot/finished.PNG successful
INFO:root:副本已关闭
INFO:root:**********screenshot/001_shelong.PNG Finished**********
INFO:root:**********screenshot/002_guiguai.PNG Started**********
INFO:root:screenshot/bottom1.PNG trying
INFO:root:screenshot/bottom1.PNG successful
INFO:root:screenshot/bottom2.PNG trying
INFO:root:screenshot/bottom2.PNG successful
INFO:root:screenshot/ptfb.PNG trying
INFO:root:screenshot/ptfb.PNG successful
INFO:root:screenshot/enter.PNG trying
INFO:root:screenshot/enter.PNG successful
INFO:root:进入002_guiguai.PNG副本，第1次
INFO:root:screenshot/close0.PNG trying
INFO:root:screenshot/close0.PNG successful
INFO:root:screenshot/close2.PNG trying
INFO:root:screenshot/close2.PNG successful
INFO:root:screenshot/finished.PNG trying
INFO:root:screenshot/finished.PNG successful
INFO:root:副本已关闭
INFO:root:**********screenshot/002_guiguai.PNG Finished**********
INFO:root:**********screenshot/002_guiguai.PNG Started**********
INFO:root:screenshot/bottom1.PNG trying
INFO:root:screenshot/bottom1.PNG successful
INFO:root:screenshot/bottom2.PNG trying
INFO:root:screenshot/bottom2.PNG successful
INFO:root:screenshot/ptfb.PNG trying
INFO:root:screenshot/ptfb.PNG successful
INFO:root:screenshot/enter.PNG trying
INFO:root:screenshot/enter.PNG successful
INFO:root:进入002_guiguai.PNG副本，第2次
INFO:root:screenshot/close0.PNG trying
INFO:root:screenshot/close0.PNG successful
INFO:root:screenshot/close2.PNG trying
INFO:root:screenshot/close2.PNG successful
INFO:root:screenshot/finished.PNG trying
INFO:root:screenshot/finished.PNG successful
INFO:root:副本已关闭
INFO:root:**********screenshot/002_guiguai.PNG Finished**********
INFO:root:**********screenshot/002_guiguai.PNG Started**********
INFO:root:screenshot/bottom1.PNG trying
INFO:root:screenshot/bottom1.PNG successful
INFO:root:screenshot/bottom2.PNG trying
INFO:root:screenshot/bottom2.PNG successful
INFO:root:screenshot/ptfb.PNG trying
INFO:root:screenshot/ptfb.PNG successful
INFO:root:screenshot/enter.PNG trying
INFO:root:screenshot/enter.PNG successful
INFO:root:进入002_guiguai.PNG副本，第3次
INFO:root:screenshot/close0.PNG trying
INFO:root:screenshot/close0.PNG successful
INFO:root:screenshot/close2.PNG trying
INFO:root:screenshot/close2.PNG successful
INFO:root:screenshot/finished.PNG trying
INFO:root:screenshot/finished.PNG successful
INFO:root:副本已关闭
INFO:root:**********screenshot/002_guiguai.PNG Finished**********
INFO:root:**********screenshot/003_xuanwu.PNG Started**********
INFO:root:screenshot/bottom1.PNG trying
INFO:root:screenshot/bottom1.PNG successful
INFO:root:screenshot/bottom2.PNG trying
INFO:root:screenshot/bottom2.PNG successful
INFO:root:screenshot/ptfb.PNG trying
INFO:root:screenshot/ptfb.PNG successful
INFO:root:screenshot/enter.PNG trying
INFO:root:screenshot/enter.PNG successful
INFO:root:进入003_xuanwu.PNG副本，第1次
INFO:root:screenshot/close0.PNG trying
INFO:root:screenshot/close0.PNG successful
INFO:root:screenshot/close2.PNG trying
INFO:root:screenshot/close2.PNG successful
INFO:root:screenshot/finished.PNG trying
INFO:root:screenshot/finished.PNG successful
INFO:root:副本已关闭
INFO:root:**********screenshot/003_xuanwu.PNG Finished**********
INFO:root:**********screenshot/003_xuanwu.PNG Started**********
INFO:root:screenshot/bottom1.PNG trying
INFO:root:screenshot/bottom1.PNG successful
INFO:root:screenshot/bottom2.PNG trying
INFO:root:screenshot/bottom2.PNG successful
INFO:root:screenshot/ptfb.PNG trying
INFO:root:screenshot/ptfb.PNG successful
INFO:root:screenshot/enter.PNG trying
INFO:root:screenshot/enter.PNG successful
INFO:root:进入003_xuanwu.PNG副本，第2次
INFO:root:screenshot/close0.PNG trying
INFO:root:screenshot/close0.PNG successful
INFO:root:screenshot/close2.PNG trying
INFO:root:screenshot/close2.PNG successful
INFO:root:screenshot/finished.PNG trying
INFO:root:screenshot/finished.PNG successful
INFO:root:副本已关闭
INFO:root:**********screenshot/003_xuanwu.PNG Finished**********
INFO:root:**********screenshot/003_xuanwu.PNG Started**********
INFO:root:screenshot/bottom1.PNG trying
INFO:root:screenshot/bottom1.PNG successful
INFO:root:screenshot/bottom2.PNG trying
INFO:root:screenshot/bottom2.PNG successful
INFO:root:screenshot/ptfb.PNG trying
INFO:root:screenshot/ptfb.PNG successful
INFO:root:screenshot/enter.PNG trying
INFO:root:screenshot/enter.PNG successful
INFO:root:进入003_xuanwu.PNG副本，第3次
INFO:root:screenshot/close0.PNG trying
INFO:root:screenshot/close0.PNG successful
INFO:root:screenshot/close2.PNG trying
INFO:root:screenshot/close2.PNG successful
INFO:root:screenshot/finished.PNG trying
INFO:root:screenshot/finished.PNG successful
INFO:root:副本已关闭
INFO:root:**********screenshot/003_xuanwu.PNG Finished**********
INFO:root:**********screenshot/004_shiliu.PNG Started**********
INFO:root:screenshot/bottom1.PNG trying
INFO:root:screenshot/bottom1.PNG successful
INFO:root:screenshot/bottom2.PNG trying
INFO:root:screenshot/bottom2.PNG successful
INFO:root:screenshot/ptfb.PNG trying
INFO:root:screenshot/ptfb.PNG successful
INFO:root:screenshot/enter.PNG trying
INFO:root:screenshot/enter.PNG successful
INFO:root:进入004_shiliu.PNG副本，第1次
INFO:root:screenshot/close0.PNG trying
INFO:root:screenshot/close0.PNG successful
INFO:root:screenshot/close2.PNG trying
INFO:root:screenshot/close2.PNG successful
INFO:root:screenshot/finished.PNG trying
INFO:root:screenshot/finished.PNG successful
INFO:root:副本已关闭
INFO:root:**********screenshot/004_shiliu.PNG Finished**********
INFO:root:**********screenshot/004_shiliu.PNG Started**********
INFO:root:screenshot/bottom1.PNG trying
INFO:root:screenshot/bottom1.PNG successful
INFO:root:screenshot/bottom2.PNG trying
INFO:root:screenshot/bottom2.PNG successful
INFO:root:screenshot/ptfb.PNG trying
INFO:root:screenshot/ptfb.PNG successful
INFO:root:screenshot/enter.PNG trying
INFO:root:screenshot/enter.PNG successful
INFO:root:进入004_shiliu.PNG副本，第2次
INFO:root:screenshot/close0.PNG trying
INFO:root:screenshot/close0.PNG successful
INFO:root:screenshot/close2.PNG trying
INFO:root:screenshot/close2.PNG successful
INFO:root:screenshot/finished.PNG trying
INFO:root:screenshot/finished.PNG successful
INFO:root:副本已关闭
INFO:root:**********screenshot/004_shiliu.PNG Finished**********
INFO:root:**********screenshot/004_shiliu.PNG Started**********
INFO:root:screenshot/bottom1.PNG trying
INFO:root:screenshot/bottom1.PNG successful
INFO:root:screenshot/bottom2.PNG trying
INFO:root:screenshot/bottom2.PNG successful
INFO:root:screenshot/ptfb.PNG trying
INFO:root:screenshot/ptfb.PNG successful
INFO:root:screenshot/enter.PNG trying
INFO:root:screenshot/enter.PNG successful
INFO:root:进入004_shiliu.PNG副本，第3次
INFO:root:screenshot/close0.PNG trying
INFO:root:screenshot/close0.PNG successful
INFO:root:screenshot/close2.PNG trying
INFO:root:screenshot/close2.PNG successful
INFO:root:screenshot/finished.PNG trying
INFO:root:screenshot/finished.PNG successful
INFO:root:副本已关闭
INFO:root:**********screenshot/004_shiliu.PNG Finished**********
INFO:root:**********screenshot/005_falao.PNG Started**********
INFO:root:screenshot/bottom1.PNG trying
INFO:root:screenshot/bottom1.PNG successful
INFO:root:screenshot/bottom2.PNG trying
INFO:root:screenshot/bottom2.PNG successful
INFO:root:screenshot/ptfb.PNG trying
INFO:root:screenshot/ptfb.PNG successful
INFO:root:screenshot/enter.PNG trying
INFO:root:screenshot/enter.PNG successful
INFO:root:进入005_falao.PNG副本，第1次
INFO:root:screenshot/close0.PNG trying
INFO:root:screenshot/close0.PNG successful
INFO:root:screenshot/close2.PNG trying
INFO:root:screenshot/close2.PNG successful
INFO:root:screenshot/finished.PNG trying
INFO:root:screenshot/finished.PNG successful
INFO:root:副本已关闭
INFO:root:**********screenshot/005_falao.PNG Finished**********
INFO:root:**********screenshot/005_falao.PNG Started**********
INFO:root:screenshot/bottom1.PNG trying
INFO:root:screenshot/bottom1.PNG successful
INFO:root:screenshot/bottom2.PNG trying
INFO:root:screenshot/bottom2.PNG successful
INFO:root:screenshot/ptfb.PNG trying
INFO:root:screenshot/ptfb.PNG successful
INFO:root:screenshot/enter.PNG trying
INFO:root:screenshot/enter.PNG successful
INFO:root:进入005_falao.PNG副本，第2次
INFO:root:screenshot/close0.PNG trying
INFO:root:screenshot/close0.PNG successful
INFO:root:screenshot/close2.PNG trying
INFO:root:screenshot/close2.PNG successful
INFO:root:screenshot/finished.PNG trying
INFO:root:screenshot/finished.PNG successful
INFO:root:副本已关闭
INFO:root:**********screenshot/005_falao.PNG Finished**********
INFO:root:**********screenshot/005_falao.PNG Started**********
INFO:root:screenshot/bottom1.PNG trying
INFO:root:screenshot/bottom1.PNG successful
INFO:root:screenshot/bottom2.PNG trying
INFO:root:screenshot/bottom2.PNG successful
INFO:root:screenshot/ptfb.PNG trying
INFO:root:screenshot/ptfb.PNG successful
INFO:root:screenshot/enter.PNG trying
INFO:root:screenshot/enter.PNG successful
INFO:root:进入005_falao.PNG副本，第3次
INFO:root:screenshot/close0.PNG trying
INFO:root:screenshot/close0.PNG successful
INFO:root:screenshot/close2.PNG trying
INFO:root:screenshot/close2.PNG successful
INFO:root:screenshot/finished.PNG trying
INFO:root:screenshot/finished.PNG successful
INFO:root:副本已关闭
INFO:root:**********screenshot/005_falao.PNG Finished**********
INFO:root:**********screenshot/006_zhangyu.PNG Started**********
INFO:root:screenshot/bottom1.PNG trying
INFO:root:screenshot/bottom1.PNG successful
INFO:root:screenshot/bottom2.PNG trying
INFO:root:screenshot/bottom2.PNG successful
INFO:root:screenshot/ptfb.PNG trying
INFO:root:screenshot/ptfb.PNG successful
INFO:root:screenshot/enter.PNG trying
INFO:root:screenshot/enter.PNG successful
INFO:root:进入006_zhangyu.PNG副本，第1次
INFO:root:screenshot/close0.PNG trying
INFO:root:screenshot/close0.PNG successful
INFO:root:screenshot/close2.PNG trying
INFO:root:screenshot/close2.PNG successful
INFO:root:screenshot/finished.PNG trying
INFO:root:screenshot/finished.PNG successful
INFO:root:副本已关闭
INFO:root:**********screenshot/006_zhangyu.PNG Finished**********
INFO:root:**********screenshot/006_zhangyu.PNG Started**********
INFO:root:screenshot/bottom1.PNG trying
INFO:root:screenshot/bottom1.PNG successful
INFO:root:screenshot/bottom2.PNG trying
INFO:root:screenshot/bottom2.PNG successful
INFO:root:screenshot/ptfb.PNG trying
INFO:root:screenshot/ptfb.PNG successful
INFO:root:screenshot/enter.PNG trying
INFO:root:screenshot/enter.PNG successful
INFO:root:进入006_zhangyu.PNG副本，第2次
INFO:root:screenshot/close0.PNG trying
INFO:root:screenshot/close0.PNG successful
INFO:root:screenshot/close2.PNG trying
INFO:root:screenshot/close2.PNG successful
INFO:root:screenshot/finished.PNG trying
INFO:root:screenshot/finished.PNG successful
INFO:root:副本已关闭
INFO:root:**********screenshot/006_zhangyu.PNG Finished**********
INFO:root:**********screenshot/006_zhangyu.PNG Started**********
INFO:root:screenshot/bottom1.PNG trying
INFO:root:screenshot/bottom1.PNG successful
INFO:root:screenshot/bottom2.PNG trying
INFO:root:screenshot/bottom2.PNG successful
INFO:root:screenshot/ptfb.PNG trying
INFO:root:screenshot/ptfb.PNG successful
INFO:root:screenshot/enter.PNG trying
INFO:root:screenshot/enter.PNG successful
INFO:root:进入006_zhangyu.PNG副本，第3次
INFO:root:screenshot/close0.PNG trying
INFO:root:screenshot/close0.PNG successful
INFO:root:screenshot/close2.PNG trying
INFO:root:screenshot/close2.PNG successful
INFO:root:screenshot/finished.PNG trying
INFO:root:screenshot/finished.PNG successful
INFO:root:副本已关闭
INFO:root:**********screenshot/006_zhangyu.PNG Finished**********
INFO:root:**********screenshot/007_gete.PNG Started**********
INFO:root:screenshot/bottom1.PNG trying
INFO:root:screenshot/bottom1.PNG successful
INFO:root:screenshot/bottom2.PNG trying
INFO:root:screenshot/bottom2.PNG successful
INFO:root:screenshot/ptfb.PNG trying
INFO:root:screenshot/ptfb.PNG successful
INFO:root:screenshot/ptdrag.PNG trying
INFO:root:screenshot/ptdrag.PNG successful
INFO:root:screenshot/ptdrag.PNG trying
INFO:root:screenshot/ptdrag.PNG successful
INFO:root:screenshot/enter.PNG trying
INFO:root:screenshot/enter.PNG successful
INFO:root:进入007_gete.PNG副本，第1次
INFO:root:screenshot/close0.PNG trying
INFO:root:screenshot/close0.PNG successful
INFO:root:screenshot/close2.PNG trying
INFO:root:screenshot/close2.PNG successful
INFO:root:screenshot/finished.PNG trying
INFO:root:screenshot/finished.PNG successful
INFO:root:副本已关闭
INFO:root:**********screenshot/007_gete.PNG Finished**********
INFO:root:**********screenshot/007_gete.PNG Started**********
INFO:root:screenshot/bottom1.PNG trying
INFO:root:screenshot/bottom1.PNG successful
INFO:root:screenshot/bottom2.PNG trying
INFO:root:screenshot/bottom2.PNG successful
INFO:root:screenshot/ptfb.PNG trying
INFO:root:screenshot/ptfb.PNG successful
INFO:root:screenshot/enter.PNG trying
INFO:root:screenshot/enter.PNG successful
INFO:root:进入007_gete.PNG副本，第2次
INFO:root:screenshot/close0.PNG trying
INFO:root:screenshot/close0.PNG successful
INFO:root:screenshot/close2.PNG trying
INFO:root:screenshot/close2.PNG successful
INFO:root:screenshot/finished.PNG trying
INFO:root:screenshot/finished.PNG successful
INFO:root:副本已关闭
INFO:root:**********screenshot/007_gete.PNG Finished**********
INFO:root:**********screenshot/007_gete.PNG Started**********
INFO:root:screenshot/bottom1.PNG trying
INFO:root:screenshot/bottom1.PNG successful
INFO:root:screenshot/bottom2.PNG trying
INFO:root:screenshot/bottom2.PNG successful
INFO:root:screenshot/ptfb.PNG trying
INFO:root:screenshot/ptfb.PNG successful
INFO:root:screenshot/enter.PNG trying
INFO:root:screenshot/enter.PNG successful
INFO:root:进入007_gete.PNG副本，第3次
INFO:root:screenshot/close0.PNG trying
INFO:root:screenshot/close0.PNG successful
INFO:root:screenshot/close2.PNG trying
INFO:root:screenshot/close2.PNG successful
INFO:root:screenshot/finished.PNG trying
INFO:root:screenshot/finished.PNG successful
INFO:root:副本已关闭
INFO:root:**********screenshot/007_gete.PNG Finished**********
INFO:root:**********screenshot/008_longwang.PNG Started**********
INFO:root:screenshot/bottom1.PNG trying
INFO:root:screenshot/bottom1.PNG successful
INFO:root:screenshot/bottom2.PNG trying
INFO:root:screenshot/bottom2.PNG successful
INFO:root:screenshot/ptfb.PNG trying
INFO:root:screenshot/ptfb.PNG successful
INFO:root:screenshot/enter.PNG trying
INFO:root:screenshot/enter.PNG successful
INFO:root:进入008_longwang.PNG副本，第1次
INFO:root:screenshot/close0.PNG trying
INFO:root:screenshot/close0.PNG successful
INFO:root:screenshot/close2.PNG trying
INFO:root:screenshot/close2.PNG successful
INFO:root:screenshot/finished.PNG trying
INFO:root:screenshot/finished.PNG successful
INFO:root:副本已关闭
INFO:root:**********screenshot/008_longwang.PNG Finished**********
INFO:root:**********screenshot/008_longwang.PNG Started**********
INFO:root:screenshot/bottom1.PNG trying
INFO:root:screenshot/bottom1.PNG successful
INFO:root:screenshot/bottom2.PNG trying
INFO:root:screenshot/bottom2.PNG successful
INFO:root:screenshot/ptfb.PNG trying
INFO:root:screenshot/ptfb.PNG successful
INFO:root:screenshot/enter.PNG trying
INFO:root:screenshot/enter.PNG successful
INFO:root:进入008_longwang.PNG副本，第2次
INFO:root:screenshot/close0.PNG trying
INFO:root:**********screenshot/001_shelong.PNG Started**********
INFO:root:screenshot/bottom1.PNG trying
